\BOOKMARK [1][-]{section.1}{\376\377\000I\000n\000t\000r\000o\000d\000u\000c\000t\000i\000o\000n}{}% 1
\BOOKMARK [1][-]{section.2}{\376\377\000R\000e\000l\000a\000t\000e\000d\000\040\000W\000o\000r\000k}{}% 2
\BOOKMARK [2][-]{subsection.2.1}{\376\377\000H\000a\000l\000l\000u\000c\000i\000n\000a\000t\000i\000o\000n\000\040\000i\000n\000\040\000M\000e\000d\000i\000c\000a\000l\000\040\000L\000a\000r\000g\000e\000\040\000L\000a\000n\000g\000u\000a\000g\000e\000\040\000M\000o\000d\000e\000l\000s}{section.2}% 3
\BOOKMARK [3][-]{subsubsection.2.1.1}{\376\377\000C\000a\000p\000a\000b\000i\000l\000i\000t\000i\000e\000s\000\040\000a\000n\000d\000\040\000L\000i\000m\000i\000t\000a\000t\000i\000o\000n\000s\000\040\000o\000f\000\040\000M\000e\000d\000i\000c\000a\000l\000\040\000L\000a\000r\000g\000e\000\040\000L\000a\000n\000g\000u\000a\000g\000e\000\040\000M\000o\000d\000e\000l\000s}{subsection.2.1}% 4
\BOOKMARK [3][-]{subsubsection.2.1.2}{\376\377\000M\000e\000d\000i\000c\000a\000l\000\040\000H\000a\000l\000l\000u\000c\000i\000n\000a\000t\000i\000o\000n\000\040\000B\000e\000n\000c\000h\000m\000a\000r\000k\000s}{subsection.2.1}% 5
\BOOKMARK [2][-]{subsection.2.2}{\376\377\000K\000n\000o\000w\000l\000e\000d\000g\000e\000\040\000G\000r\000a\000p\000h\000s\000\040\000a\000n\000d\000\040\000R\000e\000t\000r\000i\000e\000v\000a\000l\000-\000A\000u\000g\000m\000e\000n\000t\000e\000d\000\040\000G\000e\000n\000e\000r\000a\000t\000i\000o\000n}{section.2}% 6
\BOOKMARK [3][-]{subsubsection.2.2.1}{\376\377\000F\000o\000u\000n\000d\000a\000t\000i\000o\000n\000s\000\040\000o\000f\000\040\000R\000e\000t\000r\000i\000e\000v\000a\000l\000-\000A\000u\000g\000m\000e\000n\000t\000e\000d\000\040\000G\000e\000n\000e\000r\000a\000t\000i\000o\000n}{subsection.2.2}% 7
\BOOKMARK [3][-]{subsubsection.2.2.2}{\376\377\000G\000r\000a\000p\000h\000R\000A\000G\000:\000\040\000G\000r\000a\000p\000h\000-\000S\000t\000r\000u\000c\000t\000u\000r\000e\000d\000\040\000R\000e\000t\000r\000i\000e\000v\000a\000l\000\040\000A\000u\000g\000m\000e\000n\000t\000a\000t\000i\000o\000n}{subsection.2.2}% 8
\BOOKMARK [3][-]{subsubsection.2.2.3}{\376\377\000M\000e\000d\000i\000c\000a\000l\000\040\000K\000n\000o\000w\000l\000e\000d\000g\000e\000\040\000G\000r\000a\000p\000h\000s}{subsection.2.2}% 9
\BOOKMARK [3][-]{subsubsection.2.2.4}{\376\377\000P\000o\000s\000i\000t\000i\000o\000n\000i\000n\000g\000\040\000o\000f\000\040\000O\000u\000r\000\040\000A\000p\000p\000r\000o\000a\000c\000h}{subsection.2.2}% 10
\BOOKMARK [2][-]{subsection.2.3}{\376\377\000M\000u\000l\000t\000i\000-\000A\000g\000e\000n\000t\000\040\000S\000y\000s\000t\000e\000m\000s\000\040\000a\000n\000d\000\040\000L\000L\000M\000\040\000A\000p\000p\000l\000i\000c\000a\000t\000i\000o\000n\000s}{section.2}% 11
\BOOKMARK [3][-]{subsubsection.2.3.1}{\376\377\000L\000L\000M\000\040\000A\000g\000e\000n\000t\000\040\000F\000r\000a\000m\000e\000w\000o\000r\000k\000s}{subsection.2.3}% 12
\BOOKMARK [3][-]{subsubsection.2.3.2}{\376\377\000C\000o\000m\000p\000a\000r\000i\000s\000o\000n\000\040\000w\000i\000t\000h\000\040\000E\000x\000i\000s\000t\000i\000n\000g\000\040\000W\000o\000r\000k}{subsection.2.3}% 13
\BOOKMARK [1][-]{section.3}{\376\377\000P\000r\000o\000b\000l\000e\000m\000\040\000D\000e\000f\000i\000n\000i\000t\000i\000o\000n\000:\000\040\000M\000e\000d\000i\000c\000a\000l\000\040\000H\000a\000l\000l\000u\000c\000i\000n\000a\000t\000i\000o\000n\000\040\000D\000e\000f\000i\000n\000i\000t\000i\000o\000n\000,\000\040\000C\000l\000a\000s\000s\000i\000f\000i\000c\000a\000t\000i\000o\000n\000,\000\040\000a\000n\000d\000\040\000E\000v\000i\000d\000e\000n\000c\000e\000\040\000G\000r\000a\000d\000i\000n\000g}{}% 14
\BOOKMARK [2][-]{subsection.3.1}{\376\377\000D\000e\000f\000i\000n\000i\000t\000i\000o\000n\000\040\000o\000f\000\040\000H\000a\000l\000l\000u\000c\000i\000n\000a\000t\000i\000o\000n}{section.3}% 15
\BOOKMARK [2][-]{subsection.3.2}{\376\377\000M\000e\000d\000i\000c\000a\000l\000\040\000H\000a\000l\000l\000u\000c\000i\000n\000a\000t\000i\000o\000n\000\040\000T\000a\000x\000o\000n\000o\000m\000y}{section.3}% 16
\BOOKMARK [2][-]{subsection.3.3}{\376\377\000E\000v\000i\000d\000e\000n\000c\000e\000\040\000G\000r\000a\000d\000i\000n\000g\000\040\000S\000y\000s\000t\000e\000m}{section.3}% 17
\BOOKMARK [1][-]{section.4}{\376\377\000M\000e\000t\000h\000o\000d\000o\000l\000o\000g\000y}{}% 18
\BOOKMARK [2][-]{subsection.4.1}{\376\377\000S\000y\000s\000t\000e\000m\000\040\000A\000r\000c\000h\000i\000t\000e\000c\000t\000u\000r\000e\000\040\000O\000v\000e\000r\000v\000i\000e\000w}{section.4}% 19
\BOOKMARK [3][-]{subsubsection.4.1.1}{\376\377\000D\000a\000t\000a\000\040\000F\000l\000o\000w}{subsection.4.1}% 20
\BOOKMARK [3][-]{subsubsection.4.1.2}{\376\377\000T\000e\000c\000h\000n\000i\000c\000a\000l\000\040\000F\000r\000a\000m\000e\000w\000o\000r\000k}{subsection.4.1}% 21
\BOOKMARK [2][-]{subsection.4.2}{\376\377\000H\000a\000l\000l\000u\000c\000i\000n\000a\000t\000i\000o\000n\000\040\000G\000e\000n\000e\000r\000a\000t\000i\000o\000n\000\040\000A\000g\000e\000n\000t}{section.4}% 22
\BOOKMARK [3][-]{subsubsection.4.2.1}{\376\377\000D\000e\000s\000i\000g\000n\000\040\000P\000r\000i\000n\000c\000i\000p\000l\000e\000s}{subsection.4.2}% 23
\BOOKMARK [3][-]{subsubsection.4.2.2}{\376\377\000T\000w\000o\000-\000S\000t\000a\000g\000e\000\040\000S\000e\000n\000t\000e\000n\000c\000e\000\040\000F\000i\000l\000t\000e\000r\000i\000n\000g\000\040\000M\000e\000c\000h\000a\000n\000i\000s\000m}{subsection.4.2}% 24
\BOOKMARK [3][-]{subsubsection.4.2.3}{\376\377\000S\000e\000v\000e\000n\000\040\000H\000a\000l\000l\000u\000c\000i\000n\000a\000t\000i\000o\000n\000\040\000T\000y\000p\000e\000s}{subsection.4.2}% 25
\BOOKMARK [3][-]{subsubsection.4.2.4}{\376\377\000E\000v\000i\000d\000e\000n\000c\000e\000\040\000G\000r\000a\000d\000i\000n\000g\000\040\000S\000y\000s\000t\000e\000m}{subsection.4.2}% 26
\BOOKMARK [2][-]{subsection.4.3}{\376\377\000G\000r\000a\000p\000h\000R\000A\000G\000\040\000K\000n\000o\000w\000l\000e\000d\000g\000e\000\040\000G\000r\000a\000p\000h\000\040\000C\000o\000n\000s\000t\000r\000u\000c\000t\000i\000o\000n}{section.4}% 27
\BOOKMARK [3][-]{subsubsection.4.3.1}{\376\377\000E\000n\000t\000i\000t\000y\000\040\000a\000n\000d\000\040\000R\000e\000l\000a\000t\000i\000o\000n\000s\000h\000i\000p\000\040\000E\000x\000t\000r\000a\000c\000t\000i\000o\000n}{subsection.4.3}% 28
\BOOKMARK [3][-]{subsubsection.4.3.2}{\376\377\000D\000o\000m\000a\000i\000n\000-\000C\000u\000s\000t\000o\000m\000i\000z\000e\000d\000\040\000P\000r\000o\000m\000p\000t\000\040\000E\000n\000g\000i\000n\000e\000e\000r\000i\000n\000g}{subsection.4.3}% 29
\BOOKMARK [3][-]{subsubsection.4.3.3}{\376\377\000C\000o\000m\000m\000u\000n\000i\000t\000y\000\040\000D\000e\000t\000e\000c\000t\000i\000o\000n\000\040\000a\000n\000d\000\040\000H\000i\000e\000r\000a\000r\000c\000h\000i\000c\000a\000l\000\040\000O\000r\000g\000a\000n\000i\000z\000a\000t\000i\000o\000n}{subsection.4.3}% 30
\BOOKMARK [2][-]{subsection.4.4}{\376\377\000H\000a\000l\000l\000u\000c\000i\000n\000a\000t\000i\000o\000n\000\040\000D\000e\000t\000e\000c\000t\000i\000o\000n\000\040\000A\000g\000e\000n\000t}{section.4}% 31
\BOOKMARK [3][-]{subsubsection.4.4.1}{\376\377\000K\000n\000o\000w\000l\000e\000d\000g\000e\000\040\000R\000e\000t\000r\000i\000e\000v\000a\000l}{subsection.4.4}% 32
\BOOKMARK [3][-]{subsubsection.4.4.2}{\376\377\000L\000L\000M\000\040\000R\000e\000a\000s\000o\000n\000i\000n\000g\000\040\000J\000u\000d\000g\000m\000e\000n\000t}{subsection.4.4}% 33
\BOOKMARK [3][-]{subsubsection.4.4.3}{\376\377\000S\000c\000h\000e\000m\000a\000-\000C\000o\000n\000s\000t\000r\000a\000i\000n\000e\000d\000\040\000S\000t\000r\000u\000c\000t\000u\000r\000e\000d\000\040\000O\000u\000t\000p\000u\000t}{subsection.4.4}% 34
\BOOKMARK [3][-]{subsubsection.4.4.4}{\376\377\000S\000t\000r\000u\000c\000t\000u\000r\000e\000d\000\040\000O\000u\000t\000p\000u\000t\000\040\000V\000a\000l\000i\000d\000a\000t\000i\000o\000n}{subsection.4.4}% 35
\BOOKMARK [1][-]{section.5}{\376\377\000E\000x\000p\000e\000r\000i\000m\000e\000n\000t\000a\000l\000\040\000D\000e\000s\000i\000g\000n}{}% 36
\BOOKMARK [2][-]{subsection.5.1}{\376\377\000D\000a\000t\000a\000s\000e\000t}{section.5}% 37
\BOOKMARK [3][-]{subsubsection.5.1.1}{\376\377\000D\000i\000s\000c\000h\000a\000r\000g\000e\000-\000M\000e\000\040\000D\000a\000t\000a\000s\000e\000t}{subsection.5.1}% 38
\BOOKMARK [3][-]{subsubsection.5.1.2}{\376\377\000D\000a\000t\000a\000\040\000P\000a\000r\000t\000i\000t\000i\000o\000n\000i\000n\000g}{subsection.5.1}% 39
\BOOKMARK [3][-]{subsubsection.5.1.3}{\376\377\000D\000a\000t\000a\000\040\000S\000o\000u\000r\000c\000e\000\040\000N\000o\000t\000e\000s}{subsection.5.1}% 40
\BOOKMARK [3][-]{subsubsection.5.1.4}{\376\377\000E\000v\000a\000l\000u\000a\000t\000i\000o\000n\000\040\000S\000u\000b\000s\000e\000t}{subsection.5.1}% 41
\BOOKMARK [3][-]{subsubsection.5.1.5}{\376\377\000S\000e\000n\000t\000e\000n\000c\000e\000-\000l\000e\000v\000e\000l\000\040\000G\000r\000o\000u\000n\000d\000\040\000T\000r\000u\000t\000h\000\040\000C\000o\000n\000s\000t\000r\000u\000c\000t\000i\000o\000n}{subsection.5.1}% 42
\BOOKMARK [2][-]{subsection.5.2}{\376\377\000E\000v\000a\000l\000u\000a\000t\000i\000o\000n\000\040\000M\000o\000d\000e\000l\000s}{section.5}% 43
\BOOKMARK [3][-]{subsubsection.5.2.1}{\376\377\000B\000a\000s\000e\000l\000i\000n\000e\000\040\000M\000o\000d\000e\000l}{subsection.5.2}% 44
\BOOKMARK [3][-]{subsubsection.5.2.2}{\376\377\000L\000o\000c\000a\000l\000\040\000M\000o\000d\000e\000l\000s}{subsection.5.2}% 45
\BOOKMARK [2][-]{subsection.5.3}{\376\377\000E\000v\000a\000l\000u\000a\000t\000i\000o\000n\000\040\000M\000e\000t\000r\000i\000c\000s}{section.5}% 46
\BOOKMARK [3][-]{subsubsection.5.3.1}{\376\377\000P\000r\000i\000m\000a\000r\000y\000\040\000M\000e\000t\000r\000i\000c\000s}{subsection.5.3}% 47
\BOOKMARK [3][-]{subsubsection.5.3.2}{\376\377\000S\000t\000r\000a\000t\000i\000f\000i\000e\000d\000\040\000M\000e\000t\000r\000i\000c\000s}{subsection.5.3}% 48
\BOOKMARK [2][-]{subsection.5.4}{\376\377\000E\000x\000p\000e\000r\000i\000m\000e\000n\000t\000a\000l\000\040\000R\000e\000s\000u\000l\000t\000s\000\040\000a\000n\000d\000\040\000A\000n\000a\000l\000y\000s\000i\000s}{section.5}% 49
\BOOKMARK [2][-]{subsection.5.5}{\376\377\000M\000a\000i\000n\000\040\000E\000x\000p\000e\000r\000i\000m\000e\000n\000t\000a\000l\000\040\000R\000e\000s\000u\000l\000t\000s}{section.5}% 50
\BOOKMARK [3][-]{subsubsection.5.5.1}{\376\377\000C\000o\000m\000p\000a\000r\000i\000s\000o\000n\000\040\000w\000i\000t\000h\000\040\000R\000e\000f\000e\000r\000e\000n\000c\000e\000\040\000B\000a\000s\000e\000l\000i\000n\000e\000s}{subsection.5.5}% 51
\BOOKMARK [3][-]{subsubsection.5.5.2}{\376\377\000M\000o\000d\000e\000l\000\040\000S\000i\000z\000e\000\040\000E\000x\000p\000l\000o\000r\000a\000t\000i\000o\000n\000:\000\040\0008\000B\000\040\000v\000s\000\040\0001\0004\000B}{subsection.5.5}% 52
\BOOKMARK [2][-]{subsection.5.6}{\376\377\000A\000b\000l\000a\000t\000i\000o\000n\000\040\000S\000t\000u\000d\000i\000e\000s}{section.5}% 53
\BOOKMARK [3][-]{subsubsection.5.6.1}{\376\377\000F\000i\000n\000e\000-\000t\000u\000n\000i\000n\000g\000\040\000I\000m\000p\000a\000c\000t}{subsection.5.6}% 54
\BOOKMARK [3][-]{subsubsection.5.6.2}{\376\377\000T\000y\000p\000e\000-\000w\000i\000s\000e\000\040\000F\000i\000n\000e\000-\000t\000u\000n\000i\000n\000g\000\040\000G\000a\000i\000n\000\040\000A\000n\000a\000l\000y\000s\000i\000s}{subsection.5.6}% 55
\BOOKMARK [3][-]{subsubsection.5.6.3}{\376\377\000D\000o\000m\000a\000i\000n\000\040\000C\000u\000s\000t\000o\000m\000i\000z\000a\000t\000i\000o\000n\000\040\000I\000m\000p\000a\000c\000t}{subsection.5.6}% 56
\BOOKMARK [2][-]{subsection.5.7}{\376\377\000R\000e\000a\000l\000\040\000L\000L\000M\000\040\000O\000u\000t\000p\000u\000t\000\040\000H\000a\000l\000l\000u\000c\000i\000n\000a\000t\000i\000o\000n\000\040\000D\000e\000t\000e\000c\000t\000i\000o\000n\000:\000\040\000M\000e\000d\000i\000t\000r\000o\000n\000-\0007\000B\000\040\000C\000a\000s\000e\000\040\000S\000t\000u\000d\000y}{section.5}% 57
\BOOKMARK [3][-]{subsubsection.5.7.1}{\376\377\000D\000e\000t\000e\000c\000t\000i\000o\000n\000\040\000R\000e\000s\000u\000l\000t\000\040\000S\000t\000a\000t\000i\000s\000t\000i\000c\000s}{subsection.5.7}% 58
\BOOKMARK [3][-]{subsubsection.5.7.2}{\376\377\000K\000e\000y\000\040\000F\000i\000n\000d\000i\000n\000g\000s}{subsection.5.7}% 59
\BOOKMARK [2][-]{subsection.5.8}{\376\377\000C\000a\000s\000e\000\040\000S\000t\000u\000d\000i\000e\000s}{section.5}% 60
\BOOKMARK [3][-]{subsubsection.5.8.1}{\376\377\000C\000a\000s\000e\000\040\0001\000:\000\040\000P\000e\000r\000f\000e\000c\000t\000\040\000D\000e\000t\000e\000c\000t\000i\000o\000n\000\040\000\050\000P\000a\000t\000i\000e\000n\000t\000\040\0002\0000\0001\000\051}{subsection.5.8}% 61
\BOOKMARK [3][-]{subsubsection.5.8.2}{\376\377\000C\000a\000s\000e\000\040\0002\000:\000\040\000P\000a\000r\000t\000i\000a\000l\000\040\000D\000e\000t\000e\000c\000t\000i\000o\000n\000\040\000\050\000P\000a\000t\000i\000e\000n\000t\000\040\0002\0000\0005\000\051}{subsection.5.8}% 62
\BOOKMARK [3][-]{subsubsection.5.8.3}{\376\377\000C\000a\000s\000e\000\040\0003\000:\000\040\000F\000a\000l\000s\000e\000\040\000P\000o\000s\000i\000t\000i\000v\000e\000\040\000\050\000P\000a\000t\000i\000e\000n\000t\000\040\0002\0000\0008\000,\000\040\000P\000r\000e\000c\000i\000s\000i\000o\000n\000\040\000I\000s\000s\000u\000e\000\051}{subsection.5.8}% 63
\BOOKMARK [1][-]{section.6}{\376\377\000D\000i\000s\000c\000u\000s\000s\000i\000o\000n}{}% 64
\BOOKMARK [2][-]{subsection.6.1}{\376\377\000K\000e\000y\000\040\000I\000n\000s\000i\000g\000h\000t\000s\000\040\000a\000n\000d\000\040\000C\000l\000i\000n\000i\000c\000a\000l\000\040\000S\000i\000g\000n\000i\000f\000i\000c\000a\000n\000c\000e}{section.6}% 65
\BOOKMARK [3][-]{subsubsection.6.1.1}{\376\377\000D\000o\000m\000a\000i\000n\000-\000s\000p\000e\000c\000i\000f\000i\000c\000\040\000F\000i\000n\000e\000-\000t\000u\000n\000i\000n\000g\000\040\000i\000s\000\040\000C\000r\000i\000t\000i\000c\000a\000l\000\040\000f\000o\000r\000\040\000M\000e\000d\000i\000c\000a\000l\000\040\000L\000L\000M\000s}{subsection.6.1}% 66
\BOOKMARK [3][-]{subsubsection.6.1.2}{\376\377\000G\000r\000a\000p\000h\000R\000A\000G\000\040\000P\000r\000o\000v\000i\000d\000e\000s\000\040\000C\000r\000i\000t\000i\000c\000a\000l\000\040\000C\000o\000n\000t\000e\000x\000t}{subsection.6.1}% 67
\BOOKMARK [3][-]{subsubsection.6.1.3}{\376\377\000R\000o\000b\000u\000s\000t\000n\000e\000s\000s\000\040\000t\000o\000\040\000M\000e\000d\000i\000c\000a\000l\000\040\000R\000e\000c\000o\000r\000d\000\040\000L\000e\000n\000g\000t\000h}{subsection.6.1}% 68
\BOOKMARK [3][-]{subsubsection.6.1.4}{\376\377\000P\000r\000e\000c\000i\000s\000i\000o\000n\000-\000R\000e\000c\000a\000l\000l\000\040\000T\000r\000a\000d\000e\000-\000o\000f\000f\000\040\000i\000n\000\040\000S\000a\000f\000e\000t\000y\000-\000C\000r\000i\000t\000i\000c\000a\000l\000\040\000S\000c\000e\000n\000a\000r\000i\000o\000s}{subsection.6.1}% 69
\BOOKMARK [2][-]{subsection.6.2}{\376\377\000P\000r\000a\000c\000t\000i\000c\000a\000l\000\040\000D\000e\000p\000l\000o\000y\000m\000e\000n\000t\000\040\000C\000o\000n\000s\000i\000d\000e\000r\000a\000t\000i\000o\000n\000s}{section.6}% 70
\BOOKMARK [3][-]{subsubsection.6.2.1}{\376\377\000C\000o\000s\000t\000-\000P\000e\000r\000f\000o\000r\000m\000a\000n\000c\000e\000\040\000T\000r\000a\000d\000e\000-\000o\000f\000f}{subsection.6.2}% 71
\BOOKMARK [3][-]{subsubsection.6.2.2}{\376\377\000S\000t\000r\000u\000c\000t\000u\000r\000e\000d\000\040\000O\000u\000t\000p\000u\000t\000\040\000S\000t\000r\000a\000t\000e\000g\000y\000\040\000D\000i\000s\000c\000u\000s\000s\000i\000o\000n}{subsection.6.2}% 72
\BOOKMARK [3][-]{subsubsection.6.2.3}{\376\377\000I\000n\000t\000e\000g\000r\000a\000t\000i\000o\000n\000\040\000w\000i\000t\000h\000\040\000C\000l\000i\000n\000i\000c\000a\000l\000\040\000W\000o\000r\000k\000f\000l\000o\000w\000s}{subsection.6.2}% 73
\BOOKMARK [1][-]{section.7}{\376\377\000C\000o\000n\000c\000l\000u\000s\000i\000o\000n\000s}{}% 74
\BOOKMARK [2][-]{subsection.7.1}{\376\377\000S\000u\000m\000m\000a\000r\000y\000\040\000o\000f\000\040\000C\000o\000n\000t\000r\000i\000b\000u\000t\000i\000o\000n\000s}{section.7}% 75
\BOOKMARK [2][-]{subsection.7.2}{\376\377\000I\000m\000p\000a\000c\000t\000\040\000a\000n\000d\000\040\000C\000l\000i\000n\000i\000c\000a\000l\000\040\000S\000i\000g\000n\000i\000f\000i\000c\000a\000n\000c\000e}{section.7}% 76
\BOOKMARK [2][-]{subsection.7.3}{\376\377\000B\000r\000o\000a\000d\000e\000r\000\040\000S\000i\000g\000n\000i\000f\000i\000c\000a\000n\000c\000e}{section.7}% 77
\BOOKMARK [2][-]{subsection.7.4}{\376\377\000C\000o\000n\000c\000l\000u\000d\000i\000n\000g\000\040\000R\000e\000m\000a\000r\000k\000s}{section.7}% 78
\BOOKMARK [1][-]{section.8}{\376\377\000L\000i\000m\000i\000t\000a\000t\000i\000o\000n\000s}{}% 79
\BOOKMARK [2][-]{subsection.8.1}{\376\377\000D\000a\000t\000a\000s\000e\000t\000\040\000a\000n\000d\000\040\000G\000e\000n\000e\000r\000a\000l\000i\000z\000a\000t\000i\000o\000n\000\040\000L\000i\000m\000i\000t\000a\000t\000i\000o\000n\000s}{section.8}% 80
\BOOKMARK [2][-]{subsection.8.2}{\376\377\000M\000e\000t\000h\000o\000d\000o\000l\000o\000g\000i\000c\000a\000l\000\040\000L\000i\000m\000i\000t\000a\000t\000i\000o\000n\000s}{section.8}% 81
\BOOKMARK [2][-]{subsection.8.3}{\376\377\000E\000v\000a\000l\000u\000a\000t\000i\000o\000n\000\040\000L\000i\000m\000i\000t\000a\000t\000i\000o\000n\000s}{section.8}% 82
\BOOKMARK [2][-]{subsection.8.4}{\376\377\000C\000o\000m\000p\000u\000t\000a\000t\000i\000o\000n\000a\000l\000\040\000R\000e\000s\000o\000u\000r\000c\000e\000\040\000L\000i\000m\000i\000t\000a\000t\000i\000o\000n\000s}{section.8}% 83
\BOOKMARK [2][-]{subsection.8.5}{\376\377\000S\000a\000f\000e\000t\000y\000\040\000a\000n\000d\000\040\000E\000t\000h\000i\000c\000a\000l\000\040\000L\000i\000m\000i\000t\000a\000t\000i\000o\000n\000s}{section.8}% 84
\BOOKMARK [2][-]{subsection.8.6}{\376\377\000F\000u\000t\000u\000r\000e\000\040\000I\000m\000p\000r\000o\000v\000e\000m\000e\000n\000t\000\040\000D\000i\000r\000e\000c\000t\000i\000o\000n\000s}{section.8}% 85
\BOOKMARK [1][-]{section.9}{\376\377\000A\000c\000k\000n\000o\000w\000l\000e\000d\000g\000m\000e\000n\000t\000s}{}% 86
\BOOKMARK [1][-]{section.10}{\376\377\000A\000p\000p\000e\000n\000d\000i\000x}{}% 87
\BOOKMARK [2][-]{subsection.10.1}{\376\377\000A\000p\000p\000e\000n\000d\000i\000x\000\040\000A\000:\000\040\000E\000x\000p\000e\000r\000i\000m\000e\000n\000t\000a\000l\000\040\000S\000e\000t\000u\000p}{section.10}% 88
\BOOKMARK [3][-]{subsubsection.10.1.1}{\376\377\000A\000.\0001\000\040\000H\000a\000r\000d\000w\000a\000r\000e\000\040\000a\000n\000d\000\040\000S\000o\000f\000t\000w\000a\000r\000e}{subsection.10.1}% 89
\BOOKMARK [3][-]{subsubsection.10.1.2}{\376\377\000A\000.\0002\000\040\000M\000o\000d\000e\000l\000\040\000H\000y\000p\000e\000r\000p\000a\000r\000a\000m\000e\000t\000e\000r\000s}{subsection.10.1}% 90
\BOOKMARK [2][-]{subsection.10.2}{\376\377\000A\000p\000p\000e\000n\000d\000i\000x\000\040\000B\000:\000\040\000P\000r\000o\000m\000p\000t\000\040\000T\000e\000m\000p\000l\000a\000t\000e\000s}{section.10}% 91
\BOOKMARK [3][-]{subsubsection.10.2.1}{\376\377\000B\000.\0001\000\040\000E\000n\000t\000i\000t\000y\000\040\000E\000x\000t\000r\000a\000c\000t\000i\000o\000n\000\040\000P\000r\000o\000m\000p\000t\000\040\000\050\000M\000e\000d\000i\000c\000a\000l\000\040\000C\000u\000s\000t\000o\000m\000i\000z\000a\000t\000i\000o\000n\000\051}{subsection.10.2}% 92
\BOOKMARK [3][-]{subsubsection.10.2.2}{\376\377\000B\000.\0002\000\040\000H\000a\000l\000l\000u\000c\000i\000n\000a\000t\000i\000o\000n\000\040\000D\000e\000t\000e\000c\000t\000i\000o\000n\000\040\000P\000r\000o\000m\000p\000t}{subsection.10.2}% 93
\BOOKMARK [2][-]{subsection.10.3}{\376\377\000A\000p\000p\000e\000n\000d\000i\000x\000\040\000C\000:\000\040\000E\000r\000r\000o\000r\000\040\000A\000n\000a\000l\000y\000s\000i\000s}{section.10}% 94
\BOOKMARK [2][-]{subsection.10.4}{\376\377\000A\000p\000p\000e\000n\000d\000i\000x\000\040\000D\000:\000\040\000D\000a\000t\000a\000s\000e\000t\000\040\000D\000e\000t\000a\000i\000l\000s}{section.10}% 95
\BOOKMARK [3][-]{subsubsection.10.4.1}{\376\377\000D\000.\0001\000\040\000S\000o\000u\000r\000c\000e\000\040\000T\000a\000b\000l\000e\000s}{subsection.10.4}% 96
\BOOKMARK [3][-]{subsubsection.10.4.2}{\376\377\000D\000.\0002\000\040\000D\000a\000t\000a\000\040\000P\000r\000e\000p\000r\000o\000c\000e\000s\000s\000i\000n\000g}{subsection.10.4}% 97
\BOOKMARK [2][-]{subsection.10.5}{\376\377\000A\000p\000p\000e\000n\000d\000i\000x\000\040\000E\000:\000\040\000R\000e\000p\000r\000o\000d\000u\000c\000i\000b\000i\000l\000i\000t\000y\000\040\000C\000h\000e\000c\000k\000l\000i\000s\000t}{section.10}% 98
