\BOOKMARK [1][-]{section.1}{\376\377\137\025\212\000}{}% 1
\BOOKMARK [1][-]{section.2}{\376\377\200\314\146\157\116\016\225\356\230\230\133\232\116\111}{}% 2
\BOOKMARK [2][-]{subsection.2.1}{\376\377\116\373\122\241\200\314\146\157}{section.2}% 3
\BOOKMARK [2][-]{subsection.2.2}{\376\377\225\356\230\230\133\232\116\111}{section.2}% 4
\BOOKMARK [2][-]{subsection.2.3}{\376\377\213\276\213\241\176\246\147\137}{section.2}% 5
\BOOKMARK [2][-]{subsection.2.4}{\376\377\116\016\176\257\225\356\173\124\174\373\176\337\166\204\123\072\122\053}{section.2}% 6
\BOOKMARK [1][-]{section.3}{\376\377\166\370\121\163\135\345\117\134}{}% 7
\BOOKMARK [2][-]{subsection.3.1}{\376\377\213\304\213\272\122\006\147\220\116\016\000\040\000A\000s\000p\000e\000c\000t\000\040\136\372\152\041}{section.3}% 8
\BOOKMARK [2][-]{subsection.3.2}{\376\377\131\032\152\041\140\001\000\040\000R\000A\000G\000\040\116\016\215\350\152\041\140\001\150\300\175\042}{section.3}% 9
\BOOKMARK [2][-]{subsection.3.3}{\376\377\116\044\226\066\153\265\150\300\175\042\116\016\124\021\221\317\136\223\135\345\172\013}{section.3}% 10
\BOOKMARK [2][-]{subsection.3.4}{\376\377\176\323\147\204\123\026\217\223\121\372\116\016\135\345\117\134\155\101\177\026\143\222}{section.3}% 11
\BOOKMARK [2][-]{subsection.3.5}{\376\377\147\054\230\171\166\356\116\016\163\260\147\011\135\345\117\134\166\204\135\356\137\002}{section.3}% 12
\BOOKMARK [1][-]{section.4}{\376\377\145\271\154\325}{}% 13
\BOOKMARK [2][-]{subsection.4.1}{\376\377\174\373\176\337\140\073\117\123\147\266\147\204}{section.4}% 14
\BOOKMARK [2][-]{subsection.4.2}{\376\377\125\106\124\301\213\301\143\156\136\372\152\041\116\016\150\007\121\306\123\026}{section.4}% 15
\BOOKMARK [2][-]{subsection.4.3}{\376\377\213\304\213\272\136\372\152\041\377\032\116\316\201\352\161\066\213\355\212\000\122\060\000\040\000A\000s\000p\000e\000c\000t\000\040\133\371\214\141}{section.4}% 16
\BOOKMARK [2][-]{subsection.4.4}{\376\377\225\356\230\230\165\037\142\020\377\032\142\212\116\073\211\302\213\304\213\272\145\071\121\231\116\072\150\300\175\042\116\373\122\241}{section.4}% 17
\BOOKMARK [2][-]{subsection.4.5}{\376\377\123\314\215\357\123\354\126\336\116\016\174\276\143\222}{section.4}% 18
\BOOKMARK [2][-]{subsection.4.6}{\376\377\200\132\124\010\060\001\142\245\124\112\116\016\000\040\000r\000e\000p\000l\000a\000y\000\040\147\072\122\066}{section.4}% 19
\BOOKMARK [2][-]{subsection.4.7}{\376\377\116\247\162\151\117\030\121\110\166\204\123\357\211\343\221\312\140\047\213\276\213\241}{section.4}% 20
\BOOKMARK [1][-]{section.5}{\376\377\213\250\213\272}{}% 21
\BOOKMARK [2][-]{subsection.5.1}{\376\377\116\072\116\300\116\110\137\123\122\115\215\357\176\277\220\002\124\010\125\106\124\301\000\040\000V\000O\000C\000\040\127\072\146\157}{section.5}% 22
\BOOKMARK [2][-]{subsection.5.2}{\376\377\137\123\122\115\133\236\163\260\147\000\120\074\137\227\117\335\165\131\166\204\135\345\172\013\176\317\232\214}{section.5}% 23
\BOOKMARK [2][-]{subsection.5.3}{\376\377\116\016\176\257\131\047\152\041\127\213\140\073\176\323\215\357\176\277\166\204\133\371\153\324}{section.5}% 24
\BOOKMARK [2][-]{subsection.5.4}{\376\377\133\371\124\016\176\355\170\024\172\166\166\204\124\057\171\072}{section.5}% 25
\BOOKMARK [2][-]{subsection.5.5}{\376\377\213\272\145\207\134\102\227\142\166\204\141\017\116\111}{section.5}% 26
\BOOKMARK [1][-]{section.6}{\376\377\176\323\213\272}{}% 27
\BOOKMARK [1][-]{section.7}{\376\377\134\100\226\120\140\047}{}% 28
\BOOKMARK [1][-]{section.8}{\376\377\201\364\214\042}{}% 29
\BOOKMARK [1][-]{section.9}{\376\377\226\104\137\125}{}% 30
\BOOKMARK [2][-]{subsection.9.1}{\376\377\000A\000.\000\040\121\163\225\056\166\356\137\125\116\016\133\371\136\224\200\114\215\043}{section.9}% 31
\BOOKMARK [2][-]{subsection.9.2}{\376\377\000B\000.\000\040\137\123\122\115\000\040\000A\000P\000I\000\040\121\145\123\343}{section.9}% 32
\BOOKMARK [2][-]{subsection.9.3}{\376\377\000C\000.\000\040\131\015\163\260\116\073\224\376\171\072\117\213}{section.9}% 33
\BOOKMARK [2][-]{subsection.9.4}{\376\377\000D\000.\000\040\137\123\122\115\213\272\145\207\172\077\220\002\165\050\217\271\165\114}{section.9}% 34
