\BOOKMARK [1][-]{section.1}{\376\377\137\025\212\000}{}% 1
\BOOKMARK [1][-]{section.2}{\376\377\166\370\121\163\135\345\117\134}{}% 2
\BOOKMARK [2][-]{subsection.2.1}{\376\377\123\073\165\227\131\047\213\355\212\000\152\041\127\213\116\055\166\204\136\173\211\311}{section.2}% 3
\BOOKMARK [3][-]{subsubsection.2.1.1}{\376\377\123\073\165\227\131\047\213\355\212\000\152\041\127\213\166\204\200\375\122\233\116\016\134\100\226\120\140\047}{subsection.2.1}% 4
\BOOKMARK [3][-]{subsubsection.2.1.2}{\376\377\123\073\165\227\136\173\211\311\127\372\121\306\155\113\213\325}{subsection.2.1}% 5
\BOOKMARK [2][-]{subsection.2.2}{\376\377\167\345\213\306\126\376\214\061\116\016\150\300\175\042\130\236\137\072\165\037\142\020}{section.2}% 6
\BOOKMARK [3][-]{subsubsection.2.2.1}{\376\377\150\300\175\042\130\236\137\072\165\037\142\020\127\372\170\100}{subsection.2.2}% 7
\BOOKMARK [3][-]{subsubsection.2.2.2}{\376\377\000G\000r\000a\000p\000h\000R\000A\000G\377\032\126\376\176\323\147\204\150\300\175\042\130\236\137\072}{subsection.2.2}% 8
\BOOKMARK [3][-]{subsubsection.2.2.3}{\376\377\123\073\133\146\167\345\213\306\126\376\214\061}{subsection.2.2}% 9
\BOOKMARK [3][-]{subsubsection.2.2.4}{\376\377\142\021\116\354\166\204\145\271\154\325\133\232\117\115}{subsection.2.2}% 10
\BOOKMARK [2][-]{subsection.2.3}{\376\377\131\032\146\172\200\375\117\123\174\373\176\337\116\016\000\040\000L\000L\000M\000\040\136\224\165\050}{section.2}% 11
\BOOKMARK [3][-]{subsubsection.2.3.1}{\376\377\000L\000L\000M\000\040\146\172\200\375\117\123\150\106\147\266}{subsection.2.3}% 12
\BOOKMARK [3][-]{subsubsection.2.3.2}{\376\377\116\016\163\260\147\011\135\345\117\134\166\204\153\324\217\203}{subsection.2.3}% 13
\BOOKMARK [1][-]{section.3}{\376\377\225\356\230\230\133\232\116\111\377\032\123\073\165\227\136\173\211\311\166\204\133\232\116\111\060\001\122\006\174\173\116\016\213\301\143\156\122\006\176\247}{}% 14
\BOOKMARK [2][-]{subsection.3.1}{\376\377\136\173\211\311\133\232\116\111}{section.3}% 15
\BOOKMARK [2][-]{subsection.3.2}{\376\377\123\073\165\227\136\173\211\311\122\006\174\173\154\325}{section.3}% 16
\BOOKMARK [2][-]{subsection.3.3}{\376\377\213\301\143\156\122\006\176\247\174\373\176\337}{section.3}% 17
\BOOKMARK [1][-]{section.4}{\376\377\145\271\154\325}{}% 18
\BOOKMARK [2][-]{subsection.4.1}{\376\377\174\373\176\337\147\266\147\204\151\202\211\310}{section.4}% 19
\BOOKMARK [3][-]{subsubsection.4.1.1}{\376\377\145\160\143\156\155\101}{subsection.4.1}% 20
\BOOKMARK [3][-]{subsubsection.4.1.2}{\376\377\142\200\147\057\150\106\147\266}{subsection.4.1}% 21
\BOOKMARK [2][-]{subsection.4.2}{\376\377\136\173\211\311\165\037\142\020\146\172\200\375\117\123}{section.4}% 22
\BOOKMARK [3][-]{subsubsection.4.2.1}{\376\377\213\276\213\241\123\237\122\031}{subsection.4.2}% 23
\BOOKMARK [3][-]{subsubsection.4.2.2}{\376\377\116\044\226\066\153\265\123\345\133\120\217\307\156\344\147\072\122\066}{subsection.4.2}% 24
\BOOKMARK [3][-]{subsubsection.4.2.3}{\376\377\116\003\171\315\136\173\211\311\174\173\127\213}{subsection.4.2}% 25
\BOOKMARK [3][-]{subsubsection.4.2.4}{\376\377\213\301\143\156\122\006\176\247\174\373\176\337}{subsection.4.2}% 26
\BOOKMARK [2][-]{subsection.4.3}{\376\377\000G\000r\000a\000p\000h\000R\000A\000G\000\040\167\345\213\306\126\376\214\061\147\204\136\372}{section.4}% 27
\BOOKMARK [3][-]{subsubsection.4.3.1}{\376\377\133\236\117\123\116\016\121\163\174\373\142\275\123\326}{subsection.4.3}% 28
\BOOKMARK [3][-]{subsubsection.4.3.2}{\376\377\230\206\127\337\133\232\122\066\166\204\143\320\171\072\135\345\172\013}{subsection.4.3}% 29
\BOOKMARK [3][-]{subsubsection.4.3.3}{\376\377\171\076\123\072\150\300\155\113\116\016\134\102\176\247\176\304\176\307}{subsection.4.3}% 30
\BOOKMARK [2][-]{subsection.4.4}{\376\377\136\173\211\311\150\300\155\113\146\172\200\375\117\123}{section.4}% 31
\BOOKMARK [3][-]{subsubsection.4.4.1}{\376\377\167\345\213\306\150\300\175\042}{subsection.4.4}% 32
\BOOKMARK [3][-]{subsubsection.4.4.2}{\376\377\000L\000L\000M\143\250\164\006\122\044\133\232}{subsection.4.4}% 33
\BOOKMARK [3][-]{subsubsection.4.4.3}{\376\377\000S\000c\000h\000e\000m\000a\176\246\147\137\166\204\176\323\147\204\123\026\217\223\121\372}{subsection.4.4}% 34
\BOOKMARK [3][-]{subsubsection.4.4.4}{\376\377\176\323\147\204\123\026\217\223\121\372\150\041\232\214}{subsection.4.4}% 35
\BOOKMARK [1][-]{section.5}{\376\377\133\236\232\214}{}% 36
\BOOKMARK [2][-]{subsection.5.1}{\376\377\145\160\143\156\226\306}{section.5}% 37
\BOOKMARK [3][-]{subsubsection.5.1.1}{\376\377\000D\000i\000s\000c\000h\000a\000r\000g\000e\000-\000M\000e\000\040\145\160\143\156\226\306}{subsection.5.1}% 38
\BOOKMARK [3][-]{subsubsection.5.1.2}{\376\377\145\160\143\156\122\022\122\006}{subsection.5.1}% 39
\BOOKMARK [3][-]{subsubsection.5.1.3}{\376\377\145\160\143\156\147\145\156\220\213\364\146\016}{subsection.5.1}% 40
\BOOKMARK [3][-]{subsubsection.5.1.4}{\376\377\213\304\117\060\133\120\226\306}{subsection.5.1}% 41
\BOOKMARK [3][-]{subsubsection.5.1.5}{\376\377\123\345\133\120\176\247\000\040\000G\000r\000o\000u\000n\000d\000\040\000T\000r\000u\000t\000h\000\040\147\204\220\040}{subsection.5.1}% 42
\BOOKMARK [2][-]{subsection.5.2}{\376\377\213\304\117\060\152\041\127\213}{section.5}% 43
\BOOKMARK [3][-]{subsubsection.5.2.1}{\376\377\127\372\176\277\152\041\127\213}{subsection.5.2}% 44
\BOOKMARK [3][-]{subsubsection.5.2.2}{\376\377\147\054\127\060\152\041\127\213}{subsection.5.2}% 45
\BOOKMARK [2][-]{subsection.5.3}{\376\377\213\304\117\060\143\007\150\007}{section.5}% 46
\BOOKMARK [3][-]{subsubsection.5.3.1}{\376\377\116\073\211\201\143\007\150\007}{subsection.5.3}% 47
\BOOKMARK [3][-]{subsubsection.5.3.2}{\376\377\122\006\134\102\143\007\150\007}{subsection.5.3}% 48
\BOOKMARK [2][-]{subsection.5.4}{\376\377\133\236\232\214\176\323\147\234\116\016\122\006\147\220}{section.5}% 49
\BOOKMARK [2][-]{subsection.5.5}{\376\377\116\073\211\201\133\236\232\214\176\323\147\234}{section.5}% 50
\BOOKMARK [3][-]{subsubsection.5.5.1}{\376\377\116\016\133\371\161\147\127\372\176\277\166\204\153\324\217\203}{subsection.5.5}% 51
\BOOKMARK [3][-]{subsubsection.5.5.2}{\376\377\152\041\127\213\134\072\133\370\143\242\175\042\377\032\0008\000B\000\040\000v\000s\000\040\0001\0004\000B}{subsection.5.5}% 52
\BOOKMARK [2][-]{subsection.5.6}{\376\377\155\210\207\215\170\024\172\166}{section.5}% 53
\BOOKMARK [3][-]{subsubsection.5.6.1}{\376\377\137\256\214\003\137\161\124\315}{subsection.5.6}% 54
\BOOKMARK [3][-]{subsubsection.5.6.2}{\376\377\143\011\174\173\127\213\137\256\214\003\145\066\166\312\122\006\147\220}{subsection.5.6}% 55
\BOOKMARK [3][-]{subsubsection.5.6.3}{\376\377\230\206\127\337\133\232\122\066\137\161\124\315}{subsection.5.6}% 56
\BOOKMARK [2][-]{subsection.5.7}{\376\377\167\037\133\236\000L\000L\000M\217\223\121\372\166\204\136\173\211\311\150\300\155\113\377\032\000M\000e\000d\000i\000t\000r\000o\000n\000-\0007\000B\150\110\117\213\170\024\172\166}{section.5}% 57
\BOOKMARK [3][-]{subsubsection.5.7.1}{\376\377\150\300\155\113\176\323\147\234\176\337\213\241}{subsection.5.7}% 58
\BOOKMARK [3][-]{subsubsection.5.7.2}{\376\377\121\163\225\056\123\321\163\260}{subsection.5.7}% 59
\BOOKMARK [2][-]{subsection.5.8}{\376\377\150\110\117\213\170\024\172\166}{section.5}% 60
\BOOKMARK [3][-]{subsubsection.5.8.1}{\376\377\150\110\117\213\000\040\0001\377\032\133\214\177\216\150\300\155\113\377\010\140\243\200\005\000\040\0002\0000\0001\377\011}{subsection.5.8}% 61
\BOOKMARK [3][-]{subsubsection.5.8.2}{\376\377\150\110\117\213\000\040\0002\377\032\220\350\122\006\150\300\155\113\377\010\140\243\200\005\000\040\0002\0000\0005\377\011}{subsection.5.8}% 62
\BOOKMARK [3][-]{subsubsection.5.8.3}{\376\377\150\110\117\213\000\040\0003\377\032\120\107\226\063\140\047\377\010\140\243\200\005\000\040\0002\0000\0008\377\014\174\276\170\156\163\207\225\356\230\230\377\011}{subsection.5.8}% 63
\BOOKMARK [1][-]{section.6}{\376\377\213\250\213\272}{}% 64
\BOOKMARK [2][-]{subsection.6.1}{\376\377\121\163\225\056\155\036\133\337\116\016\116\064\136\212\141\017\116\111}{section.6}% 65
\BOOKMARK [3][-]{subsubsection.6.1.1}{\376\377\137\256\214\003\133\371\123\073\133\146\000\040\000L\000L\000M\000\040\201\363\121\163\221\315\211\201}{subsection.6.1}% 66
\BOOKMARK [3][-]{subsubsection.6.1.2}{\376\377\000G\000r\000a\000p\000h\000R\000A\000G\000\040\143\320\117\233\116\206\121\163\225\056\116\012\116\013\145\207}{subsection.6.1}% 67
\BOOKMARK [3][-]{subsubsection.6.1.3}{\376\377\133\371\165\305\123\206\225\177\136\246\166\204\234\201\150\322\140\047}{subsection.6.1}% 68
\BOOKMARK [3][-]{subsubsection.6.1.4}{\376\377\133\211\121\150\121\163\225\056\127\072\146\157\116\013\166\204\174\276\170\156\163\207\040\023\123\354\126\336\163\207\147\103\210\141}{subsection.6.1}% 69
\BOOKMARK [2][-]{subsection.6.2}{\376\377\133\236\226\105\220\350\177\162\200\003\221\317}{section.6}% 70
\BOOKMARK [3][-]{subsubsection.6.2.1}{\376\377\142\020\147\054\040\023\140\047\200\375\147\103\210\141}{subsection.6.2}% 71
\BOOKMARK [3][-]{subsubsection.6.2.2}{\376\377\176\323\147\204\123\026\217\223\121\372\173\126\165\145\213\250\213\272}{subsection.6.2}% 72
\BOOKMARK [3][-]{subsubsection.6.2.3}{\376\377\116\016\116\064\136\212\135\345\117\134\155\101\166\204\226\306\142\020}{subsection.6.2}% 73
\BOOKMARK [1][-]{section.7}{\376\377\176\323\213\272}{}% 74
\BOOKMARK [2][-]{subsection.7.1}{\376\377\215\041\163\056\140\073\176\323}{section.7}% 75
\BOOKMARK [2][-]{subsection.7.2}{\376\377\137\161\124\315\116\016\116\064\136\212\141\017\116\111}{section.7}% 76
\BOOKMARK [2][-]{subsection.7.3}{\376\377\146\364\136\177\154\333\166\204\141\017\116\111}{section.7}% 77
\BOOKMARK [2][-]{subsection.7.4}{\376\377\176\323\147\137\213\355}{section.7}% 78
\BOOKMARK [1][-]{section.8}{\376\377\134\100\226\120\140\047}{}% 79
\BOOKMARK [2][-]{subsection.8.1}{\376\377\145\160\143\156\226\306\116\016\154\333\123\026\140\047\134\100\226\120}{section.8}% 80
\BOOKMARK [2][-]{subsection.8.2}{\376\377\145\271\154\325\213\272\134\100\226\120}{section.8}% 81
\BOOKMARK [2][-]{subsection.8.3}{\376\377\213\304\117\060\134\100\226\120}{section.8}% 82
\BOOKMARK [2][-]{subsection.8.4}{\376\377\213\241\173\227\215\104\156\220\134\100\226\120}{section.8}% 83
\BOOKMARK [2][-]{subsection.8.5}{\376\377\133\211\121\150\116\016\117\046\164\006\134\100\226\120}{section.8}% 84
\BOOKMARK [2][-]{subsection.8.6}{\376\377\147\052\147\145\145\071\217\333\145\271\124\021}{section.8}% 85
\BOOKMARK [1][-]{section.9}{\376\377\201\364\214\042}{}% 86
\BOOKMARK [1][-]{section.10}{\376\377\000A\000p\000p\000e\000n\000d\000i\000x}{}% 87
\BOOKMARK [2][-]{subsection.10.1}{\376\377\000A\000p\000p\000e\000n\000d\000i\000x\000\040\000A\000:\000\040\000E\000x\000p\000e\000r\000i\000m\000e\000n\000t\000a\000l\000\040\000S\000e\000t\000u\000p}{section.10}% 88
\BOOKMARK [3][-]{subsubsection.10.1.1}{\376\377\000A\000.\0001\000\040\000H\000a\000r\000d\000w\000a\000r\000e\000\040\000a\000n\000d\000\040\000S\000o\000f\000t\000w\000a\000r\000e}{subsection.10.1}% 89
\BOOKMARK [3][-]{subsubsection.10.1.2}{\376\377\000A\000.\0002\000\040\000M\000o\000d\000e\000l\000\040\000H\000y\000p\000e\000r\000p\000a\000r\000a\000m\000e\000t\000e\000r\000s}{subsection.10.1}% 90
\BOOKMARK [2][-]{subsection.10.2}{\376\377\000A\000p\000p\000e\000n\000d\000i\000x\000\040\000B\000:\000\040\000P\000r\000o\000m\000p\000t\000\040\000T\000e\000m\000p\000l\000a\000t\000e\000s}{section.10}% 91
\BOOKMARK [3][-]{subsubsection.10.2.1}{\376\377\000B\000.\0001\000\040\000E\000n\000t\000i\000t\000y\000\040\000E\000x\000t\000r\000a\000c\000t\000i\000o\000n\000\040\000P\000r\000o\000m\000p\000t\000\040\000\050\000M\000e\000d\000i\000c\000a\000l\000\040\000C\000u\000s\000t\000o\000m\000i\000z\000a\000t\000i\000o\000n\000\051}{subsection.10.2}% 92
\BOOKMARK [3][-]{subsubsection.10.2.2}{\376\377\000B\000.\0002\000\040\000H\000a\000l\000l\000u\000c\000i\000n\000a\000t\000i\000o\000n\000\040\000D\000e\000t\000e\000c\000t\000i\000o\000n\000\040\000P\000r\000o\000m\000p\000t}{subsection.10.2}% 93
\BOOKMARK [2][-]{subsection.10.3}{\376\377\000A\000p\000p\000e\000n\000d\000i\000x\000\040\000C\000:\000\040\000E\000r\000r\000o\000r\000\040\000A\000n\000a\000l\000y\000s\000i\000s}{section.10}% 94
\BOOKMARK [2][-]{subsection.10.4}{\376\377\000A\000p\000p\000e\000n\000d\000i\000x\000\040\000D\000:\000\040\000D\000a\000t\000a\000s\000e\000t\000\040\000D\000e\000t\000a\000i\000l\000s}{section.10}% 95
\BOOKMARK [3][-]{subsubsection.10.4.1}{\376\377\000D\000.\0001\000\040\000S\000o\000u\000r\000c\000e\000\040\000T\000a\000b\000l\000e\000s}{subsection.10.4}% 96
\BOOKMARK [3][-]{subsubsection.10.4.2}{\376\377\000D\000.\0002\000\040\000D\000a\000t\000a\000\040\000P\000r\000e\000p\000r\000o\000c\000e\000s\000s\000i\000n\000g}{subsection.10.4}% 97
\BOOKMARK [2][-]{subsection.10.5}{\376\377\000A\000p\000p\000e\000n\000d\000i\000x\000\040\000E\000:\000\040\000R\000e\000p\000r\000o\000d\000u\000c\000i\000b\000i\000l\000i\000t\000y\000\040\000C\000h\000e\000c\000k\000l\000i\000s\000t}{section.10}% 98
